Arguments: 
  C:\Program Files\nodejs\node.exe C:\Program Files (x86)\Yarn\bin\yarn.js publish

PATH: 
  C:\Python38\Scripts\;C:\Python38\;C:\Program Files (x86)\Common Files\Oracle\Java\javapath;C:\ProgramData\Oracle\Java\javapath;C:\Program Files (x86)\Intel\Intel(R) Management Engine Components\iCLS\;C:\Program Files\Intel\Intel(R) Management Engine Components\iCLS\;C:\Windows\system32;C:\Windows;C:\Windows\System32\Wbem;C:\Windows\System32\WindowsPowerShell\v1.0\;C:\Windows\System32\OpenSSH\;C:\Program Files (x86)\Intel\Intel(R) Management Engine Components\DAL;C:\Program Files\Intel\Intel(R) Management Engine Components\DAL;C:\Program Files (x86)\Intel\Intel(R) Management Engine Components\IPT;C:\Program Files\Intel\Intel(R) Management Engine Components\IPT;C:\Program Files (x86)\NVIDIA Corporation\PhysX\Common;C:\Program Files\Intel\WiFi\bin\;C:\Program Files\Common Files\Intel\WirelessCommon\;C:\Program Files\NVIDIA Corporation\NVIDIA NvDLISR;C:\Users\Nishant\AppData\Local\Programs\Python\Python36;C:\Users\Nishant\AppData\Local\Programs\Python\Python36\Scripts;C:\WINDOWS\system32;C:\WINDOWS;C:\WINDOWS\System32\Wbem;C:\WINDOWS\System32\WindowsPowerShell\v1.0\;C:\WINDOWS\System32\OpenSSH\;C:\Program Files (x86)\Yarn\bin\;C:\ProgramData\chocolatey\bin;C:\Program Files\Git\cmd;C:\Program Files\nodejs\;C:\Program Files\MySQL\MySQL Shell 8.0\bin\;C:\Program Files\MongoDB\Server\4.0\bin;C:\Users\Nishant\AppData\Local\Microsoft\WindowsApps;C:\Program Files\JetBrains\PyCharm 2019.1.3\bin;C:\Users\Nishant\AppData\Local\Programs\Microsoft VS Code\bin;c:\Users\Nishant\AppData\Local\Android\Sdk\platform-tools;C:\Users\Nishant\AppData\Local\Yarn\bin;C:\Program Files\heroku\bin;C:\Users\Nishant\AppData\Local\GitHubDesktop\bin;c:\Users\Nishant\AppData\Local\Android\Sdk\tools;C:\Users\Nishant\AppData\Roaming\npm

Yarn version: 
  1.22.0

Node version: 
  14.5.0

Platform: 
  win32 x64

Trace: 
  Error: https://npm.pkg.github.com/-/user/org.couchdb.user:nishant-666: Error authenticating user: Personal Access Token is invalid. Your token must have the `repo` and read:packages` scopes to login to the GitHub Package Registry.
      at Request.params.callback [as _callback] (C:\Program Files (x86)\Yarn\lib\cli.js:66084:18)
      at Request.self.callback (C:\Program Files (x86)\Yarn\lib\cli.js:140727:22)
      at Request.emit (events.js:314:20)
      at Request.<anonymous> (C:\Program Files (x86)\Yarn\lib\cli.js:141699:10)
      at Request.emit (events.js:314:20)
      at IncomingMessage.<anonymous> (C:\Program Files (x86)\Yarn\lib\cli.js:141621:12)
      at Object.onceWrapper (events.js:420:28)
      at IncomingMessage.emit (events.js:326:22)
      at endReadableNT (_stream_readable.js:1226:12)
      at processTicksAndRejections (internal/process/task_queues.js:80:21)

npm manifest: 
  {
    "name": "TrackMaster",
    "version": "1.0.0",
    "main": "index.js",
    "repository": "https://github.com/nishant-666/TrackMaster",
    "author": "Nishant",
    "license": "MIT",
    "publishConfig": { "registry": "https://npm.pkg.github.com/" }
  }

yarn manifest: 
  No manifest

Lockfile: 
  No lockfile
